Traceback (most recent call last):
  File "/Users/brunamoura/PrevisorReconhecimento/.venv/lib/python3.11/site-packages/jupyter_cache/executors/utils.py", line 58, in single_nb_execution
    executenb(
  File "/Users/brunamoura/PrevisorReconhecimento/.venv/lib/python3.11/site-packages/nbclient/client.py", line 1314, in execute
    return NotebookClient(nb=nb, resources=resources, km=km, **kwargs).execute()
           ^^^^^^^^^^^^^^^^^^^^^^^^^^^^^^^^^^^^^^^^^^^^^^^^^^^^^^^^^^^^^^^^^^^^^
  File "/Users/brunamoura/PrevisorReconhecimento/.venv/lib/python3.11/site-packages/jupyter_core/utils/__init__.py", line 165, in wrapped
    return loop.run_until_complete(inner)
           ^^^^^^^^^^^^^^^^^^^^^^^^^^^^^^
  File "/Users/brunamoura/anaconda3/lib/python3.11/asyncio/base_events.py", line 653, in run_until_complete
    return future.result()
           ^^^^^^^^^^^^^^^
  File "/Users/brunamoura/PrevisorReconhecimento/.venv/lib/python3.11/site-packages/nbclient/client.py", line 709, in async_execute
    await self.async_execute_cell(
  File "/Users/brunamoura/PrevisorReconhecimento/.venv/lib/python3.11/site-packages/nbclient/client.py", line 1062, in async_execute_cell
    await self._check_raise_for_error(cell, cell_index, exec_reply)
  File "/Users/brunamoura/PrevisorReconhecimento/.venv/lib/python3.11/site-packages/nbclient/client.py", line 918, in _check_raise_for_error
    raise CellExecutionError.from_cell_and_msg(cell, exec_reply_content)
nbclient.exceptions.CellExecutionError: An error occurred while executing the following cell:
------------------
#Bibliotecas
import pandas as pd
import numpy as np
import seaborn as sns
import matplotlib.pyplot as plt
import warnings

#Estilizar conteúdo
warnings.filterwarnings('ignore')

pd.set_option('display.max_rows', None)
pd.set_option('display.max_columns', None)

def estilo_tabelas(df, max_altura='300px', casas_decimais=3):
    return (
        df.style.set_table_styles(
            [
                {'selector': 'thead th', 'props': [('font-size', '12px'), ('text-align', 'center'), ('border-bottom', '2px solid #007BFF')]},
                {'selector': 'td', 'props': [('font-size', '10px'), ('text-align', 'center'), ('max-height', '40px'), ('white-space', 'nowrap'), ('text-overflow', 'ellipsis'), ('overflow', 'hidden'), ('max-width', '100px')]},
                {'selector': 'tr:nth-child(odd)', 'props': [('background-color', '#ffffff')]},
                {'selector': 'table', 'props': [('width', '90%'), ('margin-left', 'auto'), ('margin-right', 'auto'), ('border-collapse', 'collapse')]},
                {'selector': 'td, th', 'props': [('border', '1px solid #666')]},  # Bordas cinza escuro
            ]
        ).set_properties(
            **{'background-color': '#f4f4f4', 'border-color': 'darkgray', 'border-style': 'solid', 'border-width': '1px'}
        ).set_table_attributes(
            f'style="height:auto; overflow:auto; max-height:{max_altura}; display:block;"'  
        ).format(
            precision=casas_decimais  
        )
    )
------------------


[0;31m---------------------------------------------------------------------------[0m
[0;31mModuleNotFoundError[0m                       Traceback (most recent call last)
Cell [0;32mIn[1], line 2[0m
[1;32m      1[0m [38;5;66;03m#Bibliotecas[39;00m
[0;32m----> 2[0m [38;5;28;01mimport[39;00m [38;5;21;01mpandas[39;00m [38;5;28;01mas[39;00m [38;5;21;01mpd[39;00m
[1;32m      3[0m [38;5;28;01mimport[39;00m [38;5;21;01mnumpy[39;00m [38;5;28;01mas[39;00m [38;5;21;01mnp[39;00m
[1;32m      4[0m [38;5;28;01mimport[39;00m [38;5;21;01mseaborn[39;00m [38;5;28;01mas[39;00m [38;5;21;01msns[39;00m

[0;31mModuleNotFoundError[0m: No module named 'pandas'

