Traceback (most recent call last):
  File "/Users/brunamoura/PrevisorReconhecimento/.venv/lib/python3.11/site-packages/jupyter_cache/executors/utils.py", line 58, in single_nb_execution
    executenb(
  File "/Users/brunamoura/PrevisorReconhecimento/.venv/lib/python3.11/site-packages/nbclient/client.py", line 1314, in execute
    return NotebookClient(nb=nb, resources=resources, km=km, **kwargs).execute()
           ^^^^^^^^^^^^^^^^^^^^^^^^^^^^^^^^^^^^^^^^^^^^^^^^^^^^^^^^^^^^^^^^^^^^^
  File "/Users/brunamoura/PrevisorReconhecimento/.venv/lib/python3.11/site-packages/jupyter_core/utils/__init__.py", line 165, in wrapped
    return loop.run_until_complete(inner)
           ^^^^^^^^^^^^^^^^^^^^^^^^^^^^^^
  File "/Users/brunamoura/anaconda3/lib/python3.11/asyncio/base_events.py", line 653, in run_until_complete
    return future.result()
           ^^^^^^^^^^^^^^^
  File "/Users/brunamoura/PrevisorReconhecimento/.venv/lib/python3.11/site-packages/nbclient/client.py", line 709, in async_execute
    await self.async_execute_cell(
  File "/Users/brunamoura/PrevisorReconhecimento/.venv/lib/python3.11/site-packages/nbclient/client.py", line 1062, in async_execute_cell
    await self._check_raise_for_error(cell, cell_index, exec_reply)
  File "/Users/brunamoura/PrevisorReconhecimento/.venv/lib/python3.11/site-packages/nbclient/client.py", line 918, in _check_raise_for_error
    raise CellExecutionError.from_cell_and_msg(cell, exec_reply_content)
nbclient.exceptions.CellExecutionError: An error occurred while executing the following cell:
------------------
# Importar bibliotecas numpy e pandas
from sklearn.model_selection import GridSearchCV
import xgboost as xgb
from sklearn.pipeline import Pipeline
from imblearn.over_sampling import SMOTE

#Estilizar conteúdo
import warnings
warnings.simplefilter(action='ignore', category=FutureWarning)
pd.set_option('display.max_rows', None)
pd.set_option('display.max_columns', None)
pd.set_option('display.float_format', '{:.2f}'.format)

def estilo_tabelas(df, max_altura='300px', casas_decimais=3):
    return (
        df.style.set_table_styles(
            [
                {'selector': 'thead th', 'props': [('font-size', '12px'), ('text-align', 'center'), ('border-bottom', '2px solid #007BFF')]},
                {'selector': 'td', 'props': [('font-size', '10px'), ('text-align', 'center'), ('max-height', '40px'), ('white-space', 'nowrap'), ('text-overflow', 'ellipsis'), ('overflow', 'hidden'), ('max-width', '100px')]},
                {'selector': 'tr:nth-child(odd)', 'props': [('background-color', '#ffffff')]},
                {'selector': 'table', 'props': [('width', '90%'), ('margin-left', 'auto'), ('margin-right', 'auto'), ('border-collapse', 'collapse')]},
                {'selector': 'td, th', 'props': [('border', '1px solid #666')]},  # Bordas cinza escuro
            ]
        ).set_properties(
            **{'border-color': 'darkgray', 'border-style': 'solid', 'border-width': '1px'}
        ).set_table_attributes(
            f'style="height:auto; overflow:auto; max-height:{max_altura}; display:block;"'  
        ).format(
            precision=casas_decimais  
        )
    )

# Importar a base de dados

object_columns = ['Protocolo_S2iD', 'Nome_Municipio', 'Sigla_UF', 'regiao',
                  'Setores Censitários', 'Status', 'DH_Descricao', 'DM_Descricao',
                  'DA_Descricao', 'DA_Polui/cont da água', 'DA_Polui/cont do ar',
                  'DA_Polui/cont do solo', 'DA_Dimi/exauri hídrico',
                  "DA_Incêndi parques/APA's/APP's", 'PEPL_Descricao', 'PEPR_Descricao',
                  'Categoria', 'Grupo', 'Subgrupo', 'Tipo', 'Subtipo']

dtype = {col: 'object' for col in object_columns}

df_eventos = pd.read_csv(
    "https://raw.githubusercontent.com/brunagmoura/PrevisorReconhecimento/refs/heads/main/df_eventos_desastres_rec_nrec.csv",
    sep=';',
    dtype = dtype,
    decimal=',',
)

estilo_tabelas(df_eventos.head(5))
------------------


[0;31m---------------------------------------------------------------------------[0m
[0;31mNameError[0m                                 Traceback (most recent call last)
Cell [0;32mIn[1], line 10[0m
[1;32m      8[0m [38;5;28;01mimport[39;00m [38;5;21;01mwarnings[39;00m
[1;32m      9[0m warnings[38;5;241m.[39msimplefilter(action[38;5;241m=[39m[38;5;124m'[39m[38;5;124mignore[39m[38;5;124m'[39m, category[38;5;241m=[39m[38;5;167;01mFutureWarning[39;00m)
[0;32m---> 10[0m [43mpd[49m[38;5;241m.[39mset_option([38;5;124m'[39m[38;5;124mdisplay.max_rows[39m[38;5;124m'[39m, [38;5;28;01mNone[39;00m)
[1;32m     11[0m pd[38;5;241m.[39mset_option([38;5;124m'[39m[38;5;124mdisplay.max_columns[39m[38;5;124m'[39m, [38;5;28;01mNone[39;00m)
[1;32m     12[0m pd[38;5;241m.[39mset_option([38;5;124m'[39m[38;5;124mdisplay.float_format[39m[38;5;124m'[39m, [38;5;124m'[39m[38;5;132;01m{:.2f}[39;00m[38;5;124m'[39m[38;5;241m.[39mformat)

[0;31mNameError[0m: name 'pd' is not defined

